<?xml version="1.0" encoding="UTF-8"?>
<coverage generated="1634326243924" clover="3.2.0">
  <project timestamp="1634326243925" name="All files">
    <metrics statements="43" coveredstatements="43" conditionals="26" coveredconditionals="24" methods="3" coveredmethods="3" elements="72" coveredelements="70" complexity="0" loc="43" ncloc="43" packages="1" files="1" classes="1"/>
    <file name="Calc.vue" path="C:\Users\facki\Desktop\mikhotina\8.VUE\vue-gb\lesson7\src\components\Calc.vue">
      <metrics statements="43" coveredstatements="43" conditionals="26" coveredconditionals="24" methods="3" coveredmethods="3"/>
      <line num="61" count="14" type="stmt"/>
      <line num="82" count="8" type="stmt"/>
      <line num="83" count="8" type="stmt"/>
      <line num="85" count="1" type="stmt"/>
      <line num="86" count="1" type="stmt"/>
      <line num="88" count="1" type="stmt"/>
      <line num="89" count="1" type="stmt"/>
      <line num="91" count="1" type="stmt"/>
      <line num="92" count="1" type="stmt"/>
      <line num="94" count="2" type="cond" truecount="2" falsecount="0"/>
      <line num="95" count="1" type="stmt"/>
      <line num="97" count="1" type="stmt"/>
      <line num="99" count="2" type="stmt"/>
      <line num="100" count="2" type="stmt"/>
      <line num="102" count="1" type="stmt"/>
      <line num="103" count="1" type="stmt"/>
      <line num="105" count="2" type="cond" truecount="2" falsecount="0"/>
      <line num="106" count="1" type="stmt"/>
      <line num="108" count="1" type="stmt"/>
      <line num="111" count="2" type="stmt"/>
      <line num="115" count="6" type="stmt"/>
      <line num="116" count="6" type="cond" truecount="2" falsecount="0"/>
      <line num="117" count="4" type="cond" truecount="2" falsecount="0"/>
      <line num="118" count="2" type="cond" truecount="2" falsecount="0"/>
      <line num="119" count="1" type="stmt"/>
      <line num="121" count="2" type="stmt"/>
      <line num="122" count="2" type="stmt"/>
      <line num="123" count="2" type="stmt"/>
      <line num="124" count="2" type="cond" truecount="1" falsecount="1"/>
      <line num="125" count="2" type="cond" truecount="2" falsecount="0"/>
      <line num="126" count="1" type="stmt"/>
      <line num="128" count="2" type="stmt"/>
      <line num="129" count="2" type="stmt"/>
      <line num="130" count="2" type="stmt"/>
      <line num="136" count="6" type="cond" truecount="2" falsecount="0"/>
      <line num="137" count="2" type="cond" truecount="2" falsecount="0"/>
      <line num="138" count="1" type="stmt"/>
      <line num="139" count="1" type="stmt"/>
      <line num="140" count="1" type="stmt"/>
      <line num="141" count="1" type="cond" truecount="1" falsecount="1"/>
      <line num="142" count="1" type="stmt"/>
      <line num="143" count="1" type="stmt"/>
      <line num="144" count="1" type="stmt"/>
    </file>
  </project>
</coverage>
