{"C:\\Users\\facki\\Desktop\\mikhotina\\8.VUE\\vue-gb\\lesson7\\src\\components\\Calc.vue": {"path":"C:\\Users\\facki\\Desktop\\mikhotina\\8.VUE\\vue-gb\\lesson7\\src\\components\\Calc.vue","statementMap":{"0":{"start":{"line":61,"column":0},"end":{"line":61,"column":null}},"1":{"start":{"line":82,"column":0},"end":{"line":82,"column":null}},"2":{"start":{"line":83,"column":0},"end":{"line":83,"column":null}},"3":{"start":{"line":85,"column":0},"end":{"line":85,"column":null}},"4":{"start":{"line":86,"column":0},"end":{"line":86,"column":null}},"5":{"start":{"line":88,"column":0},"end":{"line":88,"column":null}},"6":{"start":{"line":89,"column":0},"end":{"line":89,"column":null}},"7":{"start":{"line":91,"column":0},"end":{"line":91,"column":null}},"8":{"start":{"line":92,"column":0},"end":{"line":92,"column":null}},"9":{"start":{"line":94,"column":0},"end":{"line":98,"column":null}},"10":{"start":{"line":95,"column":0},"end":{"line":95,"column":null}},"11":{"start":{"line":97,"column":0},"end":{"line":97,"column":null}},"12":{"start":{"line":99,"column":0},"end":{"line":99,"column":null}},"13":{"start":{"line":100,"column":0},"end":{"line":100,"column":null}},"14":{"start":{"line":102,"column":0},"end":{"line":102,"column":null}},"15":{"start":{"line":103,"column":0},"end":{"line":103,"column":null}},"16":{"start":{"line":105,"column":0},"end":{"line":110,"column":null}},"17":{"start":{"line":106,"column":0},"end":{"line":106,"column":null}},"18":{"start":{"line":108,"column":0},"end":{"line":108,"column":null}},"19":{"start":{"line":111,"column":0},"end":{"line":111,"column":null}},"20":{"start":{"line":115,"column":0},"end":{"line":115,"column":null}},"21":{"start":{"line":116,"column":0},"end":{"line":135,"column":null}},"22":{"start":{"line":117,"column":0},"end":{"line":131,"column":null}},"23":{"start":{"line":118,"column":0},"end":{"line":120,"column":null}},"24":{"start":{"line":119,"column":0},"end":{"line":119,"column":null}},"25":{"start":{"line":121,"column":0},"end":{"line":121,"column":null}},"26":{"start":{"line":122,"column":0},"end":{"line":122,"column":null}},"27":{"start":{"line":123,"column":0},"end":{"line":123,"column":null}},"28":{"start":{"line":124,"column":0},"end":{"line":131,"column":null}},"29":{"start":{"line":125,"column":0},"end":{"line":127,"column":null}},"30":{"start":{"line":126,"column":0},"end":{"line":126,"column":null}},"31":{"start":{"line":128,"column":0},"end":{"line":128,"column":null}},"32":{"start":{"line":129,"column":0},"end":{"line":129,"column":null}},"33":{"start":{"line":130,"column":0},"end":{"line":130,"column":null}},"34":{"start":{"line":136,"column":0},"end":{"line":146,"column":null}},"35":{"start":{"line":137,"column":0},"end":{"line":145,"column":null}},"36":{"start":{"line":138,"column":0},"end":{"line":138,"column":null}},"37":{"start":{"line":139,"column":0},"end":{"line":139,"column":null}},"38":{"start":{"line":140,"column":0},"end":{"line":140,"column":null}},"39":{"start":{"line":141,"column":0},"end":{"line":145,"column":null}},"40":{"start":{"line":142,"column":0},"end":{"line":142,"column":null}},"41":{"start":{"line":143,"column":0},"end":{"line":143,"column":null}},"42":{"start":{"line":144,"column":0},"end":{"line":144,"column":null}}},"fnMap":{"0":{"name":"(anonymous_1)","decl":{"start":{"line":60,"column":0},"end":{"line":60,"column":null}},"loc":{"start":{"line":60,"column":0},"end":{"line":79,"column":null}}},"1":{"name":"(anonymous_2)","decl":{"start":{"line":81,"column":0},"end":{"line":81,"column":null}},"loc":{"start":{"line":81,"column":0},"end":{"line":113,"column":null}}},"2":{"name":"(anonymous_3)","decl":{"start":{"line":114,"column":0},"end":{"line":114,"column":null}},"loc":{"start":{"line":114,"column":0},"end":{"line":147,"column":null}}}},"branchMap":{"0":{"loc":{"start":{"line":84,"column":0},"end":{"line":86,"column":null}},"type":"switch","locations":[{"start":{"line":84,"column":0},"end":{"line":86,"column":null}},{"start":{"line":87,"column":0},"end":{"line":89,"column":null}},{"start":{"line":90,"column":0},"end":{"line":92,"column":null}},{"start":{"line":93,"column":0},"end":{"line":100,"column":null}},{"start":{"line":101,"column":0},"end":{"line":103,"column":null}},{"start":{"line":104,"column":0},"end":{"line":111,"column":null}}]},"1":{"loc":{"start":{"line":94,"column":0},"end":{"line":98,"column":null}},"type":"if","locations":[{"start":{"line":94,"column":0},"end":{"line":98,"column":null}},{"start":{"line":94,"column":0},"end":{"line":98,"column":null}}]},"2":{"loc":{"start":{"line":105,"column":0},"end":{"line":110,"column":null}},"type":"if","locations":[{"start":{"line":105,"column":0},"end":{"line":110,"column":null}},{"start":{"line":105,"column":0},"end":{"line":110,"column":null}}]},"3":{"loc":{"start":{"line":116,"column":0},"end":{"line":135,"column":null}},"type":"if","locations":[{"start":{"line":116,"column":0},"end":{"line":135,"column":null}},{"start":{"line":116,"column":0},"end":{"line":135,"column":null}}]},"4":{"loc":{"start":{"line":117,"column":0},"end":{"line":131,"column":null}},"type":"if","locations":[{"start":{"line":117,"column":0},"end":{"line":131,"column":null}},{"start":{"line":117,"column":0},"end":{"line":131,"column":null}}]},"5":{"loc":{"start":{"line":118,"column":0},"end":{"line":120,"column":null}},"type":"if","locations":[{"start":{"line":118,"column":0},"end":{"line":120,"column":null}},{"start":{"line":118,"column":0},"end":{"line":120,"column":null}}]},"6":{"loc":{"start":{"line":124,"column":0},"end":{"line":131,"column":null}},"type":"if","locations":[{"start":{"line":124,"column":0},"end":{"line":131,"column":null}},{"start":{"line":124,"column":0},"end":{"line":131,"column":null}}]},"7":{"loc":{"start":{"line":125,"column":0},"end":{"line":127,"column":null}},"type":"if","locations":[{"start":{"line":125,"column":0},"end":{"line":127,"column":null}},{"start":{"line":125,"column":0},"end":{"line":127,"column":null}}]},"8":{"loc":{"start":{"line":136,"column":0},"end":{"line":146,"column":null}},"type":"if","locations":[{"start":{"line":136,"column":0},"end":{"line":146,"column":null}},{"start":{"line":136,"column":0},"end":{"line":146,"column":null}}]},"9":{"loc":{"start":{"line":137,"column":0},"end":{"line":145,"column":null}},"type":"if","locations":[{"start":{"line":137,"column":0},"end":{"line":145,"column":null}},{"start":{"line":137,"column":0},"end":{"line":145,"column":null}}]},"10":{"loc":{"start":{"line":141,"column":0},"end":{"line":145,"column":null}},"type":"if","locations":[{"start":{"line":141,"column":0},"end":{"line":145,"column":null}},{"start":{"line":141,"column":0},"end":{"line":145,"column":null}}]}},"s":{"0":14,"1":8,"2":8,"3":1,"4":1,"5":1,"6":1,"7":1,"8":1,"9":2,"10":1,"11":1,"12":2,"13":2,"14":1,"15":1,"16":2,"17":1,"18":1,"19":2,"20":6,"21":6,"22":4,"23":2,"24":1,"25":2,"26":2,"27":2,"28":2,"29":2,"30":1,"31":2,"32":2,"33":2,"34":6,"35":2,"36":1,"37":1,"38":1,"39":1,"40":1,"41":1,"42":1},"f":{"0":14,"1":8,"2":6},"b":{"0":[1,1,1,2,1,2],"1":[1,1],"2":[1,1],"3":[4,2],"4":[2,2],"5":[1,1],"6":[2,0],"7":[1,1],"8":[2,4],"9":[1,1],"10":[1,0]}}
}
