TN:
SF:C:\Users\facki\Desktop\mikhotina\8.VUE\vue-gb\lesson7\src\components\Calc.vue
FN:60,(anonymous_1)
FN:81,(anonymous_2)
FN:114,(anonymous_3)
FNF:3
FNH:3
FNDA:14,(anonymous_1)
FNDA:8,(anonymous_2)
FNDA:6,(anonymous_3)
DA:61,14
DA:82,8
DA:83,8
DA:85,1
DA:86,1
DA:88,1
DA:89,1
DA:91,1
DA:92,1
DA:94,2
DA:95,1
DA:97,1
DA:99,2
DA:100,2
DA:102,1
DA:103,1
DA:105,2
DA:106,1
DA:108,1
DA:111,2
DA:115,6
DA:116,6
DA:117,4
DA:118,2
DA:119,1
DA:121,2
DA:122,2
DA:123,2
DA:124,2
DA:125,2
DA:126,1
DA:128,2
DA:129,2
DA:130,2
DA:136,6
DA:137,2
DA:138,1
DA:139,1
DA:140,1
DA:141,1
DA:142,1
DA:143,1
DA:144,1
LF:43
LH:43
BRDA:84,0,0,1
BRDA:84,0,1,1
BRDA:84,0,2,1
BRDA:84,0,3,2
BRDA:84,0,4,1
BRDA:84,0,5,2
BRDA:94,1,0,1
BRDA:94,1,1,1
BRDA:105,2,0,1
BRDA:105,2,1,1
BRDA:116,3,0,4
BRDA:116,3,1,2
BRDA:117,4,0,2
BRDA:117,4,1,2
BRDA:118,5,0,1
BRDA:118,5,1,1
BRDA:124,6,0,2
BRDA:124,6,1,0
BRDA:125,7,0,1
BRDA:125,7,1,1
BRDA:136,8,0,2
BRDA:136,8,1,4
BRDA:137,9,0,1
BRDA:137,9,1,1
BRDA:141,10,0,1
BRDA:141,10,1,0
BRF:26
BRH:24
end_of_record
